2024-03-04 12:49:35.680 - DBeaver 23.3.5.202402181738 is starting
2024-03-04 12:49:35.681 - OS: Linux 6.5.0-21-generic (amd64)
2024-03-04 12:49:35.681 - Java version: 17.0.6 by Eclipse Adoptium (64bit)
2024-03-04 12:49:35.682 - Install path: '/usr/share/dbeaver-ce'
2024-03-04 12:49:35.682 - Instance path: 'file:/home/edson/code/Challenges/Avaaz/engineering-exercise/workspace/'
2024-03-04 12:49:35.684 - Memory available 64Mb/1024Mb
2024-03-04 12:49:35.694 - Create display
2024-03-04 12:49:35.801 - Initialize desktop platform...
2024-03-04 12:49:35.948 - BounceCastle bundle found. Use JCE provider BC
> Start Core File Systems [org.eclipse.core.filesystem 1.10.200.v20231102-0934]
> Start Core Resource Management [org.eclipse.core.resources 3.20.0.v20231102-0934]
> Start Team Support Core [org.eclipse.team.core 3.10.200.v20231106-1240]
> Start DBeaver UI Navigator [org.jkiss.dbeaver.ui.navigator 1.0.125.202402181738]
2024-03-04 12:49:36.090 - 
2024-03-04 12:49:36.090 - 	Refreshing workspace.
2024-03-04 12:49:36.091 - Refreshing workspace contents
2024-03-04 12:49:36.193 - Initialize base platform...
2024-03-04 12:49:36.219 - Platform initialized (418ms)
> Start DBeaver UI Editors - Base [org.jkiss.dbeaver.ui.editors.base 1.0.125.202402181738]
2024-03-04 12:49:36.250 - Starting instance server at http://localhost:41687
2024-03-04 12:49:36.257 - Run workbench
> Start Eclipse e4 Workbench SWT [org.eclipse.e4.ui.workbench.swt 0.17.200.v20231030-2045]
> Start Eclipse Application Services [org.eclipse.e4.core.services 2.4.200.v20231103-2012]
> Start Eclipse UI Application Services [org.eclipse.e4.ui.services 1.6.200.v20231030-2045]
> Start Eclipse e4 Progress View [org.eclipse.e4.ui.progress 0.4.200.v20231030-2045]
> Start Eclipse Bindings Support [org.eclipse.e4.ui.bindings 0.14.200.v20231030-2045]
> Start Eclipse e4 core commands [org.eclipse.e4.core.commands 1.1.200.v20231108-1058]
> Start EMF XML/XMI Persistence [org.eclipse.emf.ecore.xmi 2.36.0.v20231002-1156]
> Start Eclipse CSS SWT Theme Support [org.eclipse.e4.ui.css.swt.theme 0.14.200.v20230913-1724]
> Start Eclipse e4 Workbench Add-ons [org.eclipse.e4.ui.workbench.addons.swt 1.5.200.v20231106-1600]
> Start Eclipse e4 Workbench SWT Renderer [org.eclipse.e4.ui.workbench.renderers.swt 0.16.200.v20231030-2045]
> Start Eclipse Dependency Injection Extensions [org.eclipse.e4.core.di.extensions 0.18.100.v20231103-2012]
> Start Eclipse CSS SWT Support [org.eclipse.e4.ui.css.swt 0.15.200.v20231025-0632]
> Start Internet Connection Management UI [org.eclipse.ui.net 1.5.200.v20231106-1240]
> Start Internet Connection Management [org.eclipse.core.net 1.5.200.v20231106-1240]
2024-03-04 12:49:37.711 - Configure workbench window
> Start DBeaver SQL Model [org.jkiss.dbeaver.model.sql 1.0.115.202402181738]
2024-03-04 12:49:37.823 - Total database drivers: 111 (111)
> Start Help System Core [org.eclipse.help 3.10.200.v20231106-1240]
2024-03-04 12:49:37.897 - Create actions
2024-03-04 12:49:37.906 - Disable Eclipse action set 'org.eclipse.ui.edit.text.actionSet.annotationNavigation'
2024-03-04 12:49:37.907 - Disable Eclipse action set 'org.eclipse.ui.WorkingSetActionSet'
2024-03-04 12:49:37.907 - Disable Eclipse action set 'org.eclipse.ui.actionSet.openFiles'
> Start jna [com.sun.jna 5.13.0.v20230812-1000]
2024-03-04 12:49:38.649 - Initialize workbench window
2024-03-04 12:49:38.651 - Finish initialization
> Start DBeaver UI Editors - Data [org.jkiss.dbeaver.ui.editors.data 1.0.125.202402181738]
> Start DBeaver UI Editors - SQL [org.jkiss.dbeaver.ui.editors.sql 1.0.125.202402181738]
> Start GEF Classic Draw2d [org.eclipse.draw2d 3.14.100.202311222042]
> Start GEF Classic GEF (MVC) [org.eclipse.gef 3.16.0.202311222042]
> Start DBeaver ERD UI [org.jkiss.dbeaver.erd.ui 3.0.85.202402181738]
> Start DBeaver ERD Model [org.jkiss.dbeaver.erd.model 1.0.85.202402181738]
> Start Default Text Editor [org.eclipse.ui.editors 3.17.100.v20231106-1600]
> Start Text Editor Framework [org.eclipse.ui.workbench.texteditor 3.17.200.v20231106-1600]
> Start DBeaver Sample Database [org.jkiss.dbeaver.ext.sample.database 1.0.162.202402181738]
> Start DBeaver Tip of the day [org.jkiss.dbeaver.ext.ui.tipoftheday 1.0.131.202402181738]
2024-03-04 12:49:40.666 - Open [https://dbeaver.io/product/version.xml]
> Start DBeaver UI Editors - Connections [org.jkiss.dbeaver.ui.editors.connection 1.0.116.202402181738]
> Start DBeaver MySQL UI Support [org.jkiss.dbeaver.ext.mysql.ui 1.0.117.202402181738]
> Start DBeaver JDBC Model [org.jkiss.dbeaver.model.jdbc 1.0.18.202402181738]
> Start DBeaver MySQL Support [org.jkiss.dbeaver.ext.mysql 2.1.210.202402181738]
2024-03-04 12:49:47.950 - Service 'org.jkiss.dbeaver.runtime.ui.UIServiceSecurity' not found
2024-03-04 12:50:31.748 - Open [https://repo1.maven.org/maven2/com/mysql/mysql-connector-j/8.2.0/mysql-connector-j-8.2.0.pom]
2024-03-04 12:50:32.258 - Open [https://repo1.maven.org/maven2/com/google/protobuf/protobuf-java/3.21.9/protobuf-java-3.21.9.pom]
2024-03-04 12:50:32.383 - Open [https://repo1.maven.org/maven2/com/google/protobuf/protobuf-parent/3.21.9/protobuf-parent-3.21.9.pom]
2024-03-04 12:50:32.514 - Open [https://repo1.maven.org/maven2/com/google/protobuf/protobuf-bom/3.21.9/protobuf-bom-3.21.9.pom]
2024-03-04 12:50:33.510 - Open [https://repo1.maven.org/maven2/com/mysql/mysql-connector-j/8.2.0/mysql-connector-j-8.2.0.jar]
2024-03-04 12:50:34.426 - Open [https://repo1.maven.org/maven2/com/google/protobuf/protobuf-java/3.21.9/protobuf-java-3.21.9.jar]
2024-03-04 12:50:34.764 - Open [https://www.gnu.org/licenses/old-licenses/lgpl-2.0.txt]
2024-03-04 12:50:36.387 - Connect with 'jdbc:mysql://localhost:3306/exercise' (mysql8-18e0a28d32c-1d82013ef2ea2ab3)
2024-03-04 12:50:36.450 - Execution context opened (jdbc:mysql://localhost:3306/exercise; Main; 0)
> Start DBeaver GIS Support [org.jkiss.dbeaver.data.gis 1.0.149.202402181738]
2024-03-04 12:50:36.736 - Connected (mysql8-18e0a28d32c-1d82013ef2ea2ab3, MySQL Connector/J [mysql-connector-j-8.2.0 (Revision: 06a1f724497fd81c6a659131fda822c9e5085b6c)])
2024-03-04 12:50:36.752 - Execution context closed (jdbc:mysql://localhost:3306/exercise, 0)
2024-03-04 12:50:36.753 - Disconnected (mysql8-18e0a28d32c-1d82013ef2ea2ab3)
2024-03-04 12:50:47.516 - Connect with 'exercise' (mysql8-18e0a2825c4-74aa57a64c5206eb)
2024-03-04 12:50:47.518 - Execution context opened (exercise; Main; 1)
2024-03-04 12:50:47.524 - Execution context opened (exercise; Metadata; 2)
2024-03-04 12:50:47.544 - Connected (mysql8-18e0a2825c4-74aa57a64c5206eb, MySQL Connector/J [mysql-connector-j-8.2.0 (Revision: 06a1f724497fd81c6a659131fda822c9e5085b6c)])
2024-03-04 13:51:15.360 - Execution context closed (exercise, 1)
2024-03-04 13:51:15.370 - Execution context closed (exercise, 2)
2024-03-04 13:51:15.371 - Disconnected (mysql8-18e0a2825c4-74aa57a64c5206eb)
